<?xml version="1.0" encoding="UTF-8"?>
<!-- Generated by org.testng.reporters.JUnitReportReporter -->
<testsuite hostname="TCSPLLAP012" failures="0" tests="1" name="testNGDay1.Day1" time="0.009" errors="0" timestamp="2023-11-04T22:15:30 IST" skipped="0">
  <testcase classname="testNGDay1.Day1" name="Demo" time="0.009"/>
  <system-out/>
</testsuite> <!-- testNGDay1.Day1 -->
