<?xml version="1.0" encoding="UTF-8"?>
<!-- Generated by org.testng.reporters.JUnitReportReporter -->
<testsuite hostname="TCSPLLAP012" failures="0" tests="4" name="testNGDay1.Day3" time="0.008" errors="0" timestamp="2023-11-04T22:15:30 IST" skipped="1">
  <testcase classname="testNGDay1.Day3" name="SixthTest" time="0.004"/>
  <system-out/>
  <testcase classname="testNGDay1.Day3" name="FourthTest" time="0.002"/>
  <system-out/>
  <testcase classname="testNGDay1.Day3" name="FifthTest" time="0.002"/>
  <system-out/>
  <testcase classname="testNGDay1.Day3" name="MobileLogin">
    <skipped/>
  </testcase> <!-- MobileLogin -->
  <system-out/>
</testsuite> <!-- testNGDay1.Day3 -->
