<?xml version="1.0" encoding="UTF-8"?>
<!-- Generated by org.testng.reporters.JUnitReportReporter -->
<testsuite hostname="TCSPLLAP012" failures="0" tests="3" name="testNGDay1.Day4" time="0.010" errors="0" timestamp="2023-11-04T22:15:30 IST" skipped="0">
  <testcase classname="testNGDay1.Day4" name="EighthTest" time="0.002"/>
  <system-out/>
  <testcase classname="testNGDay1.Day4" name="NinethTest" time="0.006"/>
  <system-out/>
  <testcase classname="testNGDay1.Day4" name="SeventhTest" time="0.002"/>
  <system-out/>
</testsuite> <!-- testNGDay1.Day4 -->
