<?xml version="1.0" encoding="UTF-8"?>
<!-- Generated by org.testng.reporters.JUnitReportReporter -->
<testsuite hostname="TCSPLLAP012" failures="0" tests="1" name="testNGDay1.Day2" time="0.004" errors="0" timestamp="2023-11-04T22:15:30 IST" skipped="0">
  <testcase classname="testNGDay1.Day2" name="ThridTest" time="0.004"/>
  <system-out/>
</testsuite> <!-- testNGDay1.Day2 -->
