<?xml version="1.0" encoding="UTF-8"?>
<!-- Generated by org.testng.reporters.JUnitReportReporter -->
<testsuite hostname="TCSPLLAP012" failures="0" tests="2" name="test.TestDemo" time="0.014" errors="0" timestamp="2023-11-03T23:48:03 IST" skipped="0">
  <testcase classname="test.TestDemo" name="SecondTest" time="0.002"/>
  <system-out/>
  <testcase classname="test.TestDemo" name="Demo" time="0.012"/>
  <system-out/>
</testsuite> <!-- test.TestDemo -->
