<?xml version="1.0" encoding="UTF-8"?>
<!-- Generated by org.testng.reporters.JUnitReportReporter -->
<testsuite hostname="TCSPLLAP012" failures="0" tests="2" name="test.Day1" time="0.023" errors="0" timestamp="2023-11-03T13:00:31 IST" skipped="0">
  <testcase classname="test.Day1" name="SecondTest" time="0.004"/>
  <system-out/>
  <testcase classname="test.Day1" name="Demo" time="0.019"/>
  <system-out/>
</testsuite> <!-- test.Day1 -->
